Using pre-set license
Built from '2020.3/staging' branch; Version is '2020.3.22f1 (e1a7f79fd887) revision 14788599'; Using compiler version '192528614'; Build Type 'Release'
OS: 'Windows 10 Home; OS build 22000.1219; Version 2009; 64bit' Language: 'ja' Physical Memory: 16026 MB
BatchMode: 1, IsHumanControllingUs: 0, StartBugReporterOnCrash: 0, Is64bit: 1, IsPro: 0

COMMAND LINE ARGUMENTS:
C:\Program Files\Unity\Hub\Editor\2020.3.22f1\Editor\Unity.exe
-adb2
-batchMode
-noUpm
-name
AssetImportWorker0
-projectPath
C:/Users/necs1/surviver2
-logFile
Logs/AssetImportWorker0.log
-srvPort
57247
Successfully changed project path to: C:/Users/necs1/surviver2
C:/Users/necs1/surviver2
Using Asset Import Pipeline V2.
Refreshing native plugins compatible for Editor in 103.09 ms, found 2 plugins.
Preloading 0 native plugins for Editor in 0.00 ms.
Initialize engine version: 2020.3.22f1 (e1a7f79fd887)
[Subsystems] Discovering subsystems at path C:/Program Files/Unity/Hub/Editor/2020.3.22f1/Editor/Data/Resources/UnitySubsystems
[Subsystems] Discovering subsystems at path C:/Users/necs1/surviver2/Assets
GfxDevice: creating device client; threaded=0
Direct3D:
    Version:  Direct3D 11.0 [level 11.1]
    Renderer: Intel(R) UHD Graphics (ID=0x9b41)
    Vendor:   
    VRAM:     8013 MB
    Driver:   30.0.101.1191
Initialize mono
Mono path[0] = 'C:/Program Files/Unity/Hub/Editor/2020.3.22f1/Editor/Data/Managed'
Mono path[1] = 'C:/Program Files/Unity/Hub/Editor/2020.3.22f1/Editor/Data/MonoBleedingEdge/lib/mono/unityjit'
Mono config path = 'C:/Program Files/Unity/Hub/Editor/2020.3.22f1/Editor/Data/MonoBleedingEdge/etc'
Using monoOptions --debugger-agent=transport=dt_socket,embedding=1,server=y,suspend=n,address=127.0.0.1:56088
Begin MonoManager ReloadAssembly
Registering precompiled unity dll's ...
Register platform support module: C:/Program Files/Unity/Hub/Editor/2020.3.22f1/Editor/Data/PlaybackEngines/WindowsStandaloneSupport/UnityEditor.WindowsStandalone.Extensions.dll
Registered in 0.003782 seconds.
Native extension for WindowsStandalone target not found
Refreshing native plugins compatible for Editor in 102.46 ms, found 2 plugins.
Preloading 0 native plugins for Editor in 0.00 ms.
Mono: successfully reloaded assembly
- Completed reload, in  6.020 seconds
Domain Reload Profiling:
	ReloadAssembly (6021ms)
		BeginReloadAssembly (168ms)
			ExecutionOrderSort (0ms)
			DisableScriptedObjects (0ms)
			BackupInstance (0ms)
			ReleaseScriptingObjects (0ms)
			CreateAndSetChildDomain (3ms)
		EndReloadAssembly (1172ms)
			LoadAssemblies (157ms)
			RebuildTransferFunctionScriptingTraits (0ms)
			SetupTypeCache (379ms)
			ReleaseScriptCaches (0ms)
			RebuildScriptCaches (117ms)
			SetupLoadedEditorAssemblies (396ms)
				LogAssemblyErrors (0ms)
				InitializePlatformSupportModulesInManaged (14ms)
				SetLoadedEditorAssemblies (1ms)
				RefreshPlugins (103ms)
				BeforeProcessingInitializeOnLoad (33ms)
				ProcessInitializeOnLoadAttributes (176ms)
				ProcessInitializeOnLoadMethodAttributes (68ms)
				AfterProcessingInitializeOnLoad (0ms)
				EditorAssembliesLoaded (0ms)
			ExecutionOrderSort2 (0ms)
			AwakeInstancesAfterBackupRestoration (0ms)
Platform modules already initialized, skipping
Registering precompiled user dll's ...
Registered in 0.009958 seconds.
Begin MonoManager ReloadAssembly
Native extension for WindowsStandalone target not found
Refreshing native plugins compatible for Editor in 0.61 ms, found 2 plugins.
Preloading 0 native plugins for Editor in 0.00 ms.
Mono: successfully reloaded assembly
- Completed reload, in  2.310 seconds
Domain Reload Profiling:
	ReloadAssembly (2312ms)
		BeginReloadAssembly (330ms)
			ExecutionOrderSort (0ms)
			DisableScriptedObjects (12ms)
			BackupInstance (0ms)
			ReleaseScriptingObjects (0ms)
			CreateAndSetChildDomain (35ms)
		EndReloadAssembly (1840ms)
			LoadAssemblies (203ms)
			RebuildTransferFunctionScriptingTraits (0ms)
			SetupTypeCache (592ms)
			ReleaseScriptCaches (1ms)
			RebuildScriptCaches (94ms)
			SetupLoadedEditorAssemblies (752ms)
				LogAssemblyErrors (0ms)
				InitializePlatformSupportModulesInManaged (10ms)
				SetLoadedEditorAssemblies (1ms)
				RefreshPlugins (1ms)
				BeforeProcessingInitializeOnLoad (178ms)
				ProcessInitializeOnLoadAttributes (519ms)
				ProcessInitializeOnLoadMethodAttributes (24ms)
				AfterProcessingInitializeOnLoad (17ms)
				EditorAssembliesLoaded (1ms)
			ExecutionOrderSort2 (0ms)
			AwakeInstancesAfterBackupRestoration (18ms)
Platform modules already initialized, skipping
========================================================================
Worker process is ready to serve import requests
Launched and connected shader compiler UnityShaderCompiler.exe after 0.09 seconds
Refreshing native plugins compatible for Editor in 0.65 ms, found 2 plugins.
Preloading 0 native plugins for Editor in 0.00 ms.
Unloading 1512 Unused Serialized files (Serialized files now loaded: 0)
System memory in use before: 67.8 MB.
System memory in use after: 67.8 MB.

Unloading 19 unused Assets to reduce memory usage. Loaded Objects now: 1945.
Total: 6.414400 ms (FindLiveObjects: 0.310600 ms CreateObjectMapping: 0.100600 ms MarkObjects: 5.858000 ms  DeleteObjects: 0.142800 ms)

AssetImportParameters requested are different than current active one (requested -> active):
  custom:framework-win-MediaFoundation: 216162199b28c13a410421893ffa2e32 -> 
  custom:video-decoder-ogg-theora: a1e56fd34408186e4bbccfd4996cb3dc -> 
  custom:container-muxer-webm: aa71ff27fc2769a1b78a27578f13a17b -> 
  custom:container-demuxer-webm: 4f35f7cbe854078d1ac9338744f61a02 -> 
  custom:container-demuxer-ogg: 62fdf1f143b41e24485cea50d1cbac27 -> 
  custom:video-encoder-webm-vp8: eb34c28f22e8b96e1ab97ce403110664 -> 
  custom:video-codec-MediaFoundation-h265: 746d11721c4dcdbdad8f713fa42b33f4 -> 
  custom:video-decoder-webm-vp8: 9c59270c3fd7afecdb556c50c9e8de78 -> 
  custom:audio-decoder-ogg-vorbis: bf7c407c2cedff20999df2af8eb42d56 -> 
  custom:audio-encoder-webm-vorbis: bf7c407c2cedff20999df2af8eb42d56 -> 
========================================================================
Received Import Request.
  path: Assets/Prefabs/Player.prefab
  artifactKey: Guid(afdca9ee1f8e0d3479fc6d38862aaac8) Importer(815301076,1909f56bfc062723c751e8b465ee728b)
Start importing Assets/Prefabs/Player.prefab using Guid(afdca9ee1f8e0d3479fc6d38862aaac8) Importer(815301076,1909f56bfc062723c751e8b465ee728b)  -> (artifact id: '0d2ff3606204c8841d7a0c05ffdc4ce7') in 0.304783 seconds 
  Import took 0.310984 seconds .

========================================================================
Received Import Request.
  Time since last request: 0.000593 seconds.
  path: Assets/Prefabs
  artifactKey: Guid(8e652f8638607324db43fdf141641d26) Importer(815301076,1909f56bfc062723c751e8b465ee728b)
Start importing Assets/Prefabs using Guid(8e652f8638607324db43fdf141641d26) Importer(815301076,1909f56bfc062723c751e8b465ee728b)  -> (artifact id: 'a71ffd19b417b6ca0459c1a4b4a37f18') in 0.006789 seconds 
  Import took 0.013739 seconds .

========================================================================
Received Import Request.
  Time since last request: 0.000624 seconds.
  path: Assets/Prefabs/target.prefab
  artifactKey: Guid(73dec965fad1f2e4da088464ec089f96) Importer(815301076,1909f56bfc062723c751e8b465ee728b)
Start importing Assets/Prefabs/target.prefab using Guid(73dec965fad1f2e4da088464ec089f96) Importer(815301076,1909f56bfc062723c751e8b465ee728b)  -> (artifact id: 'd7d9553d0f64a1ba2fbd72e637bbc1a9') in 0.030360 seconds 
  Import took 0.038002 seconds .

========================================================================
Received Import Request.
  Time since last request: 0.000648 seconds.
  path: Assets/Prefabs/Enemy.prefab
  artifactKey: Guid(1bf60be18c458ad469e18fd89b6ba5f2) Importer(815301076,1909f56bfc062723c751e8b465ee728b)
Start importing Assets/Prefabs/Enemy.prefab using Guid(1bf60be18c458ad469e18fd89b6ba5f2) Importer(815301076,1909f56bfc062723c751e8b465ee728b)  -> (artifact id: '953aad26c415a759032267ef5d9ae036') in 0.031797 seconds 
  Import took 0.039790 seconds .

========================================================================
Received Import Request.
  Time since last request: 0.000666 seconds.
  path: Assets/Prefabs/Laser.prefab
  artifactKey: Guid(670c8faca4c7aa04e9ba200d1500b9d4) Importer(815301076,1909f56bfc062723c751e8b465ee728b)
Start importing Assets/Prefabs/Laser.prefab using Guid(670c8faca4c7aa04e9ba200d1500b9d4) Importer(815301076,1909f56bfc062723c751e8b465ee728b)  -> (artifact id: 'e17c28fc0c0f131405897b4faa201c32') in 0.027325 seconds 
  Import took 0.036905 seconds .

========================================================================
Received Import Request.
  Time since last request: 0.000740 seconds.
  path: Assets/Prefabs/PlayerBullet.prefab
  artifactKey: Guid(03030a03489de4841a33f559876b16e8) Importer(815301076,1909f56bfc062723c751e8b465ee728b)
Start importing Assets/Prefabs/PlayerBullet.prefab using Guid(03030a03489de4841a33f559876b16e8) Importer(815301076,1909f56bfc062723c751e8b465ee728b)  -> (artifact id: 'eb5cced867a3892c4dd4994629a337a4') in 0.032116 seconds 
  Import took 0.039942 seconds .

========================================================================
Received Import Request.
  Time since last request: 0.000644 seconds.
  path: Assets/Prefabs/Center.prefab
  artifactKey: Guid(b60ff8db1d1dfed43b56a8ada95232ad) Importer(815301076,1909f56bfc062723c751e8b465ee728b)
Start importing Assets/Prefabs/Center.prefab using Guid(b60ff8db1d1dfed43b56a8ada95232ad) Importer(815301076,1909f56bfc062723c751e8b465ee728b)  -> (artifact id: 'ce3b7d9e58a718c9eccccc0d2418991b') in 0.032812 seconds 
  Import took 0.041138 seconds .

========================================================================
Received Import Request.
  Time since last request: 0.000706 seconds.
  path: Assets/Prefabs/SplitEnemy.prefab
  artifactKey: Guid(e0bb8a5ea9a00264e8f1eac2a86d7593) Importer(815301076,1909f56bfc062723c751e8b465ee728b)
Start importing Assets/Prefabs/SplitEnemy.prefab using Guid(e0bb8a5ea9a00264e8f1eac2a86d7593) Importer(815301076,1909f56bfc062723c751e8b465ee728b)  -> (artifact id: '006ff00f346a37d6b0cbc38eab543a77') in 0.034955 seconds 
  Import took 0.044085 seconds .

========================================================================
Received Import Request.
  Time since last request: 47.246883 seconds.
  path: Assets/Materials/Black.mat
  artifactKey: Guid(2a01e77ce21bb664b889ed0773aa4586) Importer(815301076,1909f56bfc062723c751e8b465ee728b)
Start importing Assets/Materials/Black.mat using Guid(2a01e77ce21bb664b889ed0773aa4586) Importer(815301076,1909f56bfc062723c751e8b465ee728b)  -> (artifact id: '6041b2f984ac679c4cd0b20c78db2504') in 0.116672 seconds 
  Import took 0.126822 seconds .

========================================================================
Received Import Request.
  Time since last request: 0.000820 seconds.
  path: Assets/Materials/Red.mat
  artifactKey: Guid(e7bc967d123b16342a7ae3322c32da68) Importer(815301076,1909f56bfc062723c751e8b465ee728b)
Start importing Assets/Materials/Red.mat using Guid(e7bc967d123b16342a7ae3322c32da68) Importer(815301076,1909f56bfc062723c751e8b465ee728b)  -> (artifact id: '8287fc223c9c5371e973e89265ad0280') in 0.044861 seconds 
  Import took 0.056219 seconds .

========================================================================
Received Import Request.
  Time since last request: 0.000897 seconds.
  path: Assets/Materials/Purple.mat
  artifactKey: Guid(a50bcf10e48041b42beb20f16205a41a) Importer(815301076,1909f56bfc062723c751e8b465ee728b)
Start importing Assets/Materials/Purple.mat using Guid(a50bcf10e48041b42beb20f16205a41a) Importer(815301076,1909f56bfc062723c751e8b465ee728b)  -> (artifact id: '06f6d61040ea556c639e6cf5f319f078') in 0.049617 seconds 
  Import took 0.063559 seconds .

========================================================================
Received Import Request.
  Time since last request: 0.000863 seconds.
  path: Assets/Materials/Blue.mat
  artifactKey: Guid(94b7076a61a148f4d9944a7cbe3a4c8c) Importer(815301076,1909f56bfc062723c751e8b465ee728b)
Start importing Assets/Materials/Blue.mat using Guid(94b7076a61a148f4d9944a7cbe3a4c8c) Importer(815301076,1909f56bfc062723c751e8b465ee728b)  -> (artifact id: '51f31d5d39fa8796f9ad9c042c0f3219') in 0.045194 seconds 
  Import took 0.059043 seconds .

========================================================================
Received Import Request.
  Time since last request: 0.001158 seconds.
  path: Assets/Materials/Marine.mat
  artifactKey: Guid(e900b9b4fe7bbee4eb659e4ee82bf812) Importer(815301076,1909f56bfc062723c751e8b465ee728b)
Start importing Assets/Materials/Marine.mat using Guid(e900b9b4fe7bbee4eb659e4ee82bf812) Importer(815301076,1909f56bfc062723c751e8b465ee728b)  -> (artifact id: '603be4253d8c2a00e87a0f3767026e10') in 0.046566 seconds 
  Import took 0.058220 seconds .

========================================================================
Received Import Request.
  Time since last request: 0.000922 seconds.
  path: Assets/Materials/Orange.mat
  artifactKey: Guid(65c8b1630f2508349b541056d02cf0fc) Importer(815301076,1909f56bfc062723c751e8b465ee728b)
Start importing Assets/Materials/Orange.mat using Guid(65c8b1630f2508349b541056d02cf0fc) Importer(815301076,1909f56bfc062723c751e8b465ee728b)  -> (artifact id: '354faade49fa3b25b8e2a0a5f043c1b7') in 0.048025 seconds 
  Import took 0.062121 seconds .

========================================================================
Received Import Request.
  Time since last request: 6183.976454 seconds.
  path: Assets/Prefabs/SplitEnemy.prefab
  artifactKey: Guid(e0bb8a5ea9a00264e8f1eac2a86d7593) Importer(815301076,1909f56bfc062723c751e8b465ee728b)
Start importing Assets/Prefabs/SplitEnemy.prefab using Guid(e0bb8a5ea9a00264e8f1eac2a86d7593) Importer(815301076,1909f56bfc062723c751e8b465ee728b)  -> (artifact id: '577717de1d8ea85a9783eaba4f5d5bd1') in 0.057837 seconds 
  Import took 0.078911 seconds .

========================================================================
Received Import Request.
  Time since last request: 1.655185 seconds.
  path: Assets/Prefabs/SplitEnemy.prefab
  artifactKey: Guid(e0bb8a5ea9a00264e8f1eac2a86d7593) Importer(815301076,1909f56bfc062723c751e8b465ee728b)
Start importing Assets/Prefabs/SplitEnemy.prefab using Guid(e0bb8a5ea9a00264e8f1eac2a86d7593) Importer(815301076,1909f56bfc062723c751e8b465ee728b)  -> (artifact id: 'cddbca3ed422ed97d417115176f02b41') in 0.035490 seconds 
  Import took 0.046768 seconds .

========================================================================
Received Import Request.
  Time since last request: 3.457736 seconds.
  path: Assets/Prefabs/SplitEnemy.prefab
  artifactKey: Guid(e0bb8a5ea9a00264e8f1eac2a86d7593) Importer(815301076,1909f56bfc062723c751e8b465ee728b)
Start importing Assets/Prefabs/SplitEnemy.prefab using Guid(e0bb8a5ea9a00264e8f1eac2a86d7593) Importer(815301076,1909f56bfc062723c751e8b465ee728b)  -> (artifact id: '094e1d317b472d50e87494fd29ad628f') in 0.064122 seconds 
  Import took 0.076870 seconds .

========================================================================
Received Prepare
Registering precompiled user dll's ...
Registered in 0.017039 seconds.
Begin MonoManager ReloadAssembly
Native extension for WindowsStandalone target not found
Refreshing native plugins compatible for Editor in 0.67 ms, found 2 plugins.
Preloading 0 native plugins for Editor in 0.00 ms.
Mono: successfully reloaded assembly
- Completed reload, in  3.548 seconds
Domain Reload Profiling:
	ReloadAssembly (3550ms)
		BeginReloadAssembly (429ms)
			ExecutionOrderSort (0ms)
			DisableScriptedObjects (24ms)
			BackupInstance (0ms)
			ReleaseScriptingObjects (0ms)
			CreateAndSetChildDomain (160ms)
		EndReloadAssembly (2887ms)
			LoadAssemblies (345ms)
			RebuildTransferFunctionScriptingTraits (0ms)
			SetupTypeCache (1116ms)
			ReleaseScriptCaches (1ms)
			RebuildScriptCaches (95ms)
			SetupLoadedEditorAssemblies (1047ms)
				LogAssemblyErrors (0ms)
				InitializePlatformSupportModulesInManaged (13ms)
				SetLoadedEditorAssemblies (1ms)
				RefreshPlugins (1ms)
				BeforeProcessingInitializeOnLoad (323ms)
				ProcessInitializeOnLoadAttributes (645ms)
				ProcessInitializeOnLoadMethodAttributes (34ms)
				AfterProcessingInitializeOnLoad (28ms)
				EditorAssembliesLoaded (1ms)
			ExecutionOrderSort2 (0ms)
			AwakeInstancesAfterBackupRestoration (27ms)
Platform modules already initialized, skipping
Refreshing native plugins compatible for Editor in 2.50 ms, found 2 plugins.
Preloading 0 native plugins for Editor in 0.00 ms.
Unloading 1506 Unused Serialized files (Serialized files now loaded: 0)
System memory in use before: 71.1 MB.
System memory in use after: 71.2 MB.

Unloading 16 unused Assets to reduce memory usage. Loaded Objects now: 1990.
Total: 12.725000 ms (FindLiveObjects: 0.565800 ms CreateObjectMapping: 0.263800 ms MarkObjects: 11.782400 ms  DeleteObjects: 0.107500 ms)

AssetImportParameters requested are different than current active one (requested -> active):
  custom:framework-win-MediaFoundation: 216162199b28c13a410421893ffa2e32 -> 
  custom:video-decoder-ogg-theora: a1e56fd34408186e4bbccfd4996cb3dc -> 
  custom:container-muxer-webm: aa71ff27fc2769a1b78a27578f13a17b -> 
  custom:container-demuxer-webm: 4f35f7cbe854078d1ac9338744f61a02 -> 
  custom:container-demuxer-ogg: 62fdf1f143b41e24485cea50d1cbac27 -> 
  custom:video-encoder-webm-vp8: eb34c28f22e8b96e1ab97ce403110664 -> 
  custom:video-codec-MediaFoundation-h265: 746d11721c4dcdbdad8f713fa42b33f4 -> 
  custom:video-decoder-webm-vp8: 9c59270c3fd7afecdb556c50c9e8de78 -> 
  custom:audio-decoder-ogg-vorbis: bf7c407c2cedff20999df2af8eb42d56 -> 
  custom:audio-encoder-webm-vorbis: bf7c407c2cedff20999df2af8eb42d56 -> 
========================================================================
Received Import Request.
  Time since last request: 797.998271 seconds.
  path: ProjectSettings/TagManager.asset
  artifactKey: Guid(00000000000000003000000000000000) Importer(815301076,1909f56bfc062723c751e8b465ee728b)
Start importing ProjectSettings/TagManager.asset using Guid(00000000000000003000000000000000) Importer(815301076,1909f56bfc062723c751e8b465ee728b)  -> (artifact id: '050842f2edb6083a615b4f099572f475') in 0.070495 seconds 
  Import took 0.080338 seconds .

========================================================================
Received Import Request.
  Time since last request: 64.077283 seconds.
  path: Assets/Prefabs/SplitEnemy.prefab
  artifactKey: Guid(e0bb8a5ea9a00264e8f1eac2a86d7593) Importer(815301076,1909f56bfc062723c751e8b465ee728b)
Start importing Assets/Prefabs/SplitEnemy.prefab using Guid(e0bb8a5ea9a00264e8f1eac2a86d7593) Importer(815301076,1909f56bfc062723c751e8b465ee728b)  -> (artifact id: '2a920eedf742b6df9f0fa3a92af35078') in 0.188623 seconds 
  Import took 0.197050 seconds .

========================================================================
Received Import Request.
  Time since last request: 15.523055 seconds.
  path: Assets/Scripts/Units
  artifactKey: Guid(1a83c7ff6adb3d4458aa26e7397685c1) Importer(815301076,1909f56bfc062723c751e8b465ee728b)
Start importing Assets/Scripts/Units using Guid(1a83c7ff6adb3d4458aa26e7397685c1) Importer(815301076,1909f56bfc062723c751e8b465ee728b)  -> (artifact id: '5b1b168050932fc6b28cc1fe320f5248') in 0.009424 seconds 
  Import took 0.022193 seconds .

========================================================================
Received Import Request.
  Time since last request: 0.348260 seconds.
  path: Assets/Scripts/Units/Item.cs
  artifactKey: Guid(0335bac350850354cb28f26d7ce78311) Importer(815301076,1909f56bfc062723c751e8b465ee728b)
Start importing Assets/Scripts/Units/Item.cs using Guid(0335bac350850354cb28f26d7ce78311) Importer(815301076,1909f56bfc062723c751e8b465ee728b)  -> (artifact id: '9e21c4c762f182cef742a62fa54aa696') in 0.037656 seconds 
  Import took 0.051295 seconds .

========================================================================
Received Import Request.
  Time since last request: 1.447299 seconds.
  path: Assets/Scripts/Units/Status.cs
  artifactKey: Guid(c9d4e82db876ee44193d49a33211a475) Importer(815301076,1909f56bfc062723c751e8b465ee728b)
Start importing Assets/Scripts/Units/Status.cs using Guid(c9d4e82db876ee44193d49a33211a475) Importer(815301076,1909f56bfc062723c751e8b465ee728b)  -> (artifact id: '0b1926c646799cbfe832595efd11378f') in 0.010952 seconds 
  Import took 0.023692 seconds .

========================================================================
Received Import Request.
  Time since last request: 43.877273 seconds.
  path: Assets/Prefabs/SplitChildEnemy.prefab
  artifactKey: Guid(c018b845d5c150e4fba50d25637e1a06) Importer(815301076,1909f56bfc062723c751e8b465ee728b)
Start importing Assets/Prefabs/SplitChildEnemy.prefab using Guid(c018b845d5c150e4fba50d25637e1a06) Importer(815301076,1909f56bfc062723c751e8b465ee728b)  -> (artifact id: 'cec6a20e5607c250c650300e10fb572d') in 0.074025 seconds 
  Import took 0.083958 seconds .

========================================================================
Received Import Request.
  Time since last request: 7.655494 seconds.
  path: Assets/Prefabs/SplitChildEnemy.prefab
  artifactKey: Guid(c018b845d5c150e4fba50d25637e1a06) Importer(815301076,1909f56bfc062723c751e8b465ee728b)
Start importing Assets/Prefabs/SplitChildEnemy.prefab using Guid(c018b845d5c150e4fba50d25637e1a06) Importer(815301076,1909f56bfc062723c751e8b465ee728b)  -> (artifact id: '73a0ca1f0d008aff0304dcf40cfd30cb') in 0.038865 seconds 
  Import took 0.050586 seconds .

========================================================================
Received Import Request.
  Time since last request: 4.540655 seconds.
  path: Assets/Prefabs/SplitChildEnemy.prefab
  artifactKey: Guid(c018b845d5c150e4fba50d25637e1a06) Importer(815301076,1909f56bfc062723c751e8b465ee728b)
Start importing Assets/Prefabs/SplitChildEnemy.prefab using Guid(c018b845d5c150e4fba50d25637e1a06) Importer(815301076,1909f56bfc062723c751e8b465ee728b)  -> (artifact id: 'e581b8296a53dadb91e42be45c1d080c') in 0.056162 seconds 
  Import took 0.068644 seconds .

AssetImportWorkerClient::OnTransportError - code=2 error=End of file
